#
# There is insufficient memory for the Java Runtime Environment to continue.
# Native memory allocation (malloc) failed to allocate 288304 bytes for Chunk::new
# Possible reasons:
#   The system is out of physical RAM or swap space
#   The process is running with CompressedOops enabled, and the Java Heap may be blocking the growth of the native heap
# Possible solutions:
#   Reduce memory load on the system
#   Increase physical memory or swap space
#   Check if swap backing store is full
#   Decrease Java heap size (-Xmx/-Xms)
#   Decrease number of Java threads
#   Decrease Java thread stack sizes (-Xss)
#   Set larger code cache with -XX:ReservedCodeCacheSize=
#   JVM is running with Unscaled Compressed Oops mode in which the Java heap is
#     placed in the first 4GB address space. The Java Heap base address is the
#     maximum limit for the native heap growth. Please use -XX:HeapBaseMinAddress
#     to set the Java Heap base and to place the Java Heap above 4GB virtual address.
# This output file may be truncated or incomplete.
#
#  Out of Memory Error (arena.cpp:189), pid=15084, tid=8196
#
# JRE version: Java(TM) SE Runtime Environment (17.0.11+7) (build 17.0.11+7-LTS-207)
# Java VM: Java HotSpot(TM) 64-Bit Server VM (17.0.11+7-LTS-207, mixed mode, sharing, tiered, compressed oops, compressed class ptrs, g1 gc, windows-amd64)
# No core dump will be written. Minidumps are not enabled by default on client versions of Windows
#

---------------  S U M M A R Y ------------

Command Line: -javaagent:C:\Program Files\JetBrains\IntelliJ IDEA Community Edition 2021.3.2\lib\idea_rt.jar=62171:C:\Program Files\JetBrains\IntelliJ IDEA Community Edition 2021.3.2\bin -Dfile.encoding=UTF-8 org.example.Main

Host: Intel(R) Core(TM) i5-10210U CPU @ 1.60GHz, 8 cores, 7G,  Windows 10 , 64 bit Build 19041 (10.0.19041.5072)
Time: Mon Dec 16 16:42:49 2024 RTZ 4 (s 10 , 64 bit Build 19041 (10.0.19041.5072) elapsed time: 1.614793 seconds (0d 0h 0m 1s)

---------------  T H R E A D  ---------------

Current thread (0x0000029832c60020):  JavaThread "C2 CompilerThread2" daemon [_thread_in_native, id=8196, stack(0x000000d05c600000,0x000000d05c700000)]


Current CompileTask:
C2:   1614 1372       4       java.util.HashMap::put (13 bytes)

Stack: [0x000000d05c600000,0x000000d05c700000]
Native frames: (J=compiled Java code, j=interpreted, Vv=VM code, C=native code)
V  [jvm.dll+0x679cca]
V  [jvm.dll+0x7da13d]
V  [jvm.dll+0x7dba83]
V  [jvm.dll+0x7dc0f3]
V  [jvm.dll+0x2449af]
V  [jvm.dll+0xab83b]
V  [jvm.dll+0xabe1c]
V  [jvm.dll+0x3615ae]
V  [jvm.dll+0x32bd61]
V  [jvm.dll+0x32b1fa]
V  [jvm.dll+0x2161df]
V  [jvm.dll+0x21560f]
V  [jvm.dll+0x1a2040]
V  [jvm.dll+0x225a2b]
V  [jvm.dll+0x223bcb]
V  [jvm.dll+0x7903ec]
V  [jvm.dll+0x78a85a]
V  [jvm.dll+0x678bb5]
C  [ucrtbase.dll+0x21bb2]
C  [KERNEL32.DLL+0x17374]
C  [ntdll.dll+0x4cc91]


---------------  P R O C E S S  ---------------

Threads class SMR info:
_java_thread_list=0x0000029832e01020, length=16, elements={
0x00000298140aeef0, 0x00000298320bf6a0, 0x00000298320c0430, 0x00000298320d84a0,
0x00000298320d8f70, 0x00000298320db850, 0x00000298320dc120, 0x00000298320dcd20,
0x00000298320e7700, 0x00000298320ed520, 0x00000298320a92d0, 0x000002983233b110,
0x0000029832564440, 0x00000298325a13e0, 0x0000029832c60020, 0x0000029832cf8620
}

Java Threads: ( => current thread )
  0x00000298140aeef0 JavaThread "main" [_thread_in_vm, id=19964, stack(0x000000d05b100000,0x000000d05b200000)]
  0x00000298320bf6a0 JavaThread "Reference Handler" daemon [_thread_blocked, id=23196, stack(0x000000d05b800000,0x000000d05b900000)]
  0x00000298320c0430 JavaThread "Finalizer" daemon [_thread_blocked, id=25540, stack(0x000000d05b900000,0x000000d05ba00000)]
  0x00000298320d84a0 JavaThread "Signal Dispatcher" daemon [_thread_blocked, id=12488, stack(0x000000d05ba00000,0x000000d05bb00000)]
  0x00000298320d8f70 JavaThread "Attach Listener" daemon [_thread_blocked, id=24804, stack(0x000000d05bb00000,0x000000d05bc00000)]
  0x00000298320db850 JavaThread "Service Thread" daemon [_thread_blocked, id=4184, stack(0x000000d05bc00000,0x000000d05bd00000)]
  0x00000298320dc120 JavaThread "Monitor Deflation Thread" daemon [_thread_blocked, id=15756, stack(0x000000d05bd00000,0x000000d05be00000)]
  0x00000298320dcd20 JavaThread "C2 CompilerThread0" daemon [_thread_blocked, id=8432, stack(0x000000d05be00000,0x000000d05bf00000)]
  0x00000298320e7700 JavaThread "C1 CompilerThread0" daemon [_thread_blocked, id=24812, stack(0x000000d05bf00000,0x000000d05c000000)]
  0x00000298320ed520 JavaThread "Sweeper thread" daemon [_thread_blocked, id=10224, stack(0x000000d05c000000,0x000000d05c100000)]
  0x00000298320a92d0 JavaThread "Common-Cleaner" daemon [_thread_blocked, id=24972, stack(0x000000d05c100000,0x000000d05c200000)]
  0x000002983233b110 JavaThread "C2 CompilerThread1" daemon [_thread_blocked, id=23364, stack(0x000000d05c200000,0x000000d05c300000)]
  0x0000029832564440 JavaThread "Monitor Ctrl-Break" daemon [_thread_in_native, id=24788, stack(0x000000d05c300000,0x000000d05c400000)]
  0x00000298325a13e0 JavaThread "Notification Thread" daemon [_thread_blocked, id=24536, stack(0x000000d05c400000,0x000000d05c500000)]
=>0x0000029832c60020 JavaThread "C2 CompilerThread2" daemon [_thread_in_native, id=8196, stack(0x000000d05c600000,0x000000d05c700000)]
  0x0000029832cf8620 JavaThread "mysql-cj-abandoned-connection-cleanup" daemon [_thread_blocked, id=20656, stack(0x000000d05ce00000,0x000000d05cf00000)]

Other Threads:
  0x00000298320b8770 VMThread "VM Thread" [stack: 0x000000d05b700000,0x000000d05b800000] [id=10424]
  0x00000298325a28e0 WatcherThread [stack: 0x000000d05c500000,0x000000d05c600000] [id=10880]
  0x0000029814109640 GCTaskThread "GC Thread#0" [stack: 0x000000d05b200000,0x000000d05b300000] [id=14744]
  0x0000029832ce9a00 GCTaskThread "GC Thread#1" [stack: 0x000000d05c700000,0x000000d05c800000] [id=19224]
  0x0000029832ce9cc0 GCTaskThread "GC Thread#2" [stack: 0x000000d05c800000,0x000000d05c900000] [id=3976]
  0x0000029832c82080 GCTaskThread "GC Thread#3" [stack: 0x000000d05c900000,0x000000d05ca00000] [id=9800]
  0x0000029832bec670 GCTaskThread "GC Thread#4" [stack: 0x000000d05ca00000,0x000000d05cb00000] [id=22004]
  0x0000029832c0acb0 GCTaskThread "GC Thread#5" [stack: 0x000000d05cb00000,0x000000d05cc00000] [id=13304]
  0x0000029832d1ce60 GCTaskThread "GC Thread#6" [stack: 0x000000d05cc00000,0x000000d05cd00000] [id=21856]
  0x0000029832d1d5a0 GCTaskThread "GC Thread#7" [stack: 0x000000d05cd00000,0x000000d05ce00000] [id=22664]
  0x0000029814119e20 ConcurrentGCThread "G1 Main Marker" [stack: 0x000000d05b300000,0x000000d05b400000] [id=11948]
  0x000002981411a740 ConcurrentGCThread "G1 Conc#0" [stack: 0x000000d05b400000,0x000000d05b500000] [id=20180]
  0x000002981417ec70 ConcurrentGCThread "G1 Refine#0" [stack: 0x000000d05b500000,0x000000d05b600000] [id=2500]
  0x0000029831f76b20 ConcurrentGCThread "G1 Service" [stack: 0x000000d05b600000,0x000000d05b700000] [id=24856]

Threads with active compile tasks:
C2 CompilerThread2     1676 1372       4       java.util.HashMap::put (13 bytes)

VM state: not at safepoint (normal execution)

VM Mutex/Monitor currently owned by a thread: None

Heap address: 0x0000000083400000, size: 1996 MB, Compressed Oops mode: 32-bit

CDS archive(s) mapped at: [0x0000029833000000-0x0000029833bd0000-0x0000029833bd0000), size 12386304, SharedBaseAddress: 0x0000029833000000, ArchiveRelocationMode: 1.
Compressed class space mapped at: 0x0000029834000000-0x0000029874000000, reserved size: 1073741824
Narrow klass base: 0x0000029833000000, Narrow klass shift: 0, Narrow klass range: 0x100000000

GC Precious Log:
 CPUs: 8 total, 8 available
 Memory: 7976M
 Large Page Support: Disabled
 NUMA Support: Disabled
 Compressed Oops: Enabled (32-bit)
 Heap Region Size: 1M
 Heap Min Capacity: 8M
 Heap Initial Capacity: 126M
 Heap Max Capacity: 1996M
 Pre-touch: Disabled
 Parallel Workers: 8
 Concurrent Workers: 2
 Concurrent Refinement Workers: 8
 Periodic GC: Disabled

Heap:
 garbage-first heap   total 129024K, used 19008K [0x0000000083400000, 0x0000000100000000)
  region size 1024K, 18 young (18432K), 3 survivors (3072K)
 Metaspace       used 11058K, committed 11200K, reserved 1114112K
  class space    used 1153K, committed 1216K, reserved 1048576K

Heap Regions: E=young(eden), S=young(survivor), O=old, HS=humongous(starts), HC=humongous(continues), CS=collection set, F=free, OA=open archive, CA=closed archive, TAMS=top-at-mark-start (previous, next)
|   0|0x0000000083400000, 0x0000000083500000, 0x0000000083500000|100%| O|  |TAMS 0x0000000083400000, 0x0000000083400000| Untracked 
|   1|0x0000000083500000, 0x0000000083590000, 0x0000000083600000| 56%| O|  |TAMS 0x0000000083500000, 0x0000000083500000| Untracked 
|   2|0x0000000083600000, 0x0000000083600000, 0x0000000083700000|  0%| F|  |TAMS 0x0000000083600000, 0x0000000083600000| Untracked 
|   3|0x0000000083700000, 0x0000000083700000, 0x0000000083800000|  0%| F|  |TAMS 0x0000000083700000, 0x0000000083700000| Untracked 
|   4|0x0000000083800000, 0x0000000083800000, 0x0000000083900000|  0%| F|  |TAMS 0x0000000083800000, 0x0000000083800000| Untracked 
|   5|0x0000000083900000, 0x0000000083900000, 0x0000000083a00000|  0%| F|  |TAMS 0x0000000083900000, 0x0000000083900000| Untracked 
|   6|0x0000000083a00000, 0x0000000083a00000, 0x0000000083b00000|  0%| F|  |TAMS 0x0000000083a00000, 0x0000000083a00000| Untracked 
|   7|0x0000000083b00000, 0x0000000083b00000, 0x0000000083c00000|  0%| F|  |TAMS 0x0000000083b00000, 0x0000000083b00000| Untracked 
|   8|0x0000000083c00000, 0x0000000083c00000, 0x0000000083d00000|  0%| F|  |TAMS 0x0000000083c00000, 0x0000000083c00000| Untracked 
|   9|0x0000000083d00000, 0x0000000083d00000, 0x0000000083e00000|  0%| F|  |TAMS 0x0000000083d00000, 0x0000000083d00000| Untracked 
|  10|0x0000000083e00000, 0x0000000083e00000, 0x0000000083f00000|  0%| F|  |TAMS 0x0000000083e00000, 0x0000000083e00000| Untracked 
|  11|0x0000000083f00000, 0x0000000083f00000, 0x0000000084000000|  0%| F|  |TAMS 0x0000000083f00000, 0x0000000083f00000| Untracked 
|  12|0x0000000084000000, 0x0000000084000000, 0x0000000084100000|  0%| F|  |TAMS 0x0000000084000000, 0x0000000084000000| Untracked 
|  13|0x0000000084100000, 0x0000000084100000, 0x0000000084200000|  0%| F|  |TAMS 0x0000000084100000, 0x0000000084100000| Untracked 
|  14|0x0000000084200000, 0x0000000084200000, 0x0000000084300000|  0%| F|  |TAMS 0x0000000084200000, 0x0000000084200000| Untracked 
|  15|0x0000000084300000, 0x0000000084300000, 0x0000000084400000|  0%| F|  |TAMS 0x0000000084300000, 0x0000000084300000| Untracked 
|  16|0x0000000084400000, 0x0000000084400000, 0x0000000084500000|  0%| F|  |TAMS 0x0000000084400000, 0x0000000084400000| Untracked 
|  17|0x0000000084500000, 0x0000000084500000, 0x0000000084600000|  0%| F|  |TAMS 0x0000000084500000, 0x0000000084500000| Untracked 
|  18|0x0000000084600000, 0x0000000084600000, 0x0000000084700000|  0%| F|  |TAMS 0x0000000084600000, 0x0000000084600000| Untracked 
|  19|0x0000000084700000, 0x0000000084700000, 0x0000000084800000|  0%| F|  |TAMS 0x0000000084700000, 0x0000000084700000| Untracked 
|  20|0x0000000084800000, 0x0000000084800000, 0x0000000084900000|  0%| F|  |TAMS 0x0000000084800000, 0x0000000084800000| Untracked 
|  21|0x0000000084900000, 0x0000000084900000, 0x0000000084a00000|  0%| F|  |TAMS 0x0000000084900000, 0x0000000084900000| Untracked 
|  22|0x0000000084a00000, 0x0000000084a00000, 0x0000000084b00000|  0%| F|  |TAMS 0x0000000084a00000, 0x0000000084a00000| Untracked 
|  23|0x0000000084b00000, 0x0000000084b00000, 0x0000000084c00000|  0%| F|  |TAMS 0x0000000084b00000, 0x0000000084b00000| Untracked 
|  24|0x0000000084c00000, 0x0000000084c00000, 0x0000000084d00000|  0%| F|  |TAMS 0x0000000084c00000, 0x0000000084c00000| Untracked 
|  25|0x0000000084d00000, 0x0000000084d00000, 0x0000000084e00000|  0%| F|  |TAMS 0x0000000084d00000, 0x0000000084d00000| Untracked 
|  26|0x0000000084e00000, 0x0000000084e00000, 0x0000000084f00000|  0%| F|  |TAMS 0x0000000084e00000, 0x0000000084e00000| Untracked 
|  27|0x0000000084f00000, 0x0000000084f00000, 0x0000000085000000|  0%| F|  |TAMS 0x0000000084f00000, 0x0000000084f00000| Untracked 
|  28|0x0000000085000000, 0x0000000085000000, 0x0000000085100000|  0%| F|  |TAMS 0x0000000085000000, 0x0000000085000000| Untracked 
|  29|0x0000000085100000, 0x0000000085100000, 0x0000000085200000|  0%| F|  |TAMS 0x0000000085100000, 0x0000000085100000| Untracked 
|  30|0x0000000085200000, 0x0000000085200000, 0x0000000085300000|  0%| F|  |TAMS 0x0000000085200000, 0x0000000085200000| Untracked 
|  31|0x0000000085300000, 0x0000000085300000, 0x0000000085400000|  0%| F|  |TAMS 0x0000000085300000, 0x0000000085300000| Untracked 
|  32|0x0000000085400000, 0x0000000085400000, 0x0000000085500000|  0%| F|  |TAMS 0x0000000085400000, 0x0000000085400000| Untracked 
|  33|0x0000000085500000, 0x0000000085500000, 0x0000000085600000|  0%| F|  |TAMS 0x0000000085500000, 0x0000000085500000| Untracked 
|  34|0x0000000085600000, 0x0000000085600000, 0x0000000085700000|  0%| F|  |TAMS 0x0000000085600000, 0x0000000085600000| Untracked 
|  35|0x0000000085700000, 0x0000000085700000, 0x0000000085800000|  0%| F|  |TAMS 0x0000000085700000, 0x0000000085700000| Untracked 
|  36|0x0000000085800000, 0x0000000085800000, 0x0000000085900000|  0%| F|  |TAMS 0x0000000085800000, 0x0000000085800000| Untracked 
|  37|0x0000000085900000, 0x0000000085900000, 0x0000000085a00000|  0%| F|  |TAMS 0x0000000085900000, 0x0000000085900000| Untracked 
|  38|0x0000000085a00000, 0x0000000085a00000, 0x0000000085b00000|  0%| F|  |TAMS 0x0000000085a00000, 0x0000000085a00000| Untracked 
|  39|0x0000000085b00000, 0x0000000085b00000, 0x0000000085c00000|  0%| F|  |TAMS 0x0000000085b00000, 0x0000000085b00000| Untracked 
|  40|0x0000000085c00000, 0x0000000085c00000, 0x0000000085d00000|  0%| F|  |TAMS 0x0000000085c00000, 0x0000000085c00000| Untracked 
|  41|0x0000000085d00000, 0x0000000085d00000, 0x0000000085e00000|  0%| F|  |TAMS 0x0000000085d00000, 0x0000000085d00000| Untracked 
|  42|0x0000000085e00000, 0x0000000085e00000, 0x0000000085f00000|  0%| F|  |TAMS 0x0000000085e00000, 0x0000000085e00000| Untracked 
|  43|0x0000000085f00000, 0x0000000085f00000, 0x0000000086000000|  0%| F|  |TAMS 0x0000000085f00000, 0x0000000085f00000| Untracked 
|  44|0x0000000086000000, 0x0000000086000000, 0x0000000086100000|  0%| F|  |TAMS 0x0000000086000000, 0x0000000086000000| Untracked 
|  45|0x0000000086100000, 0x0000000086100000, 0x0000000086200000|  0%| F|  |TAMS 0x0000000086100000, 0x0000000086100000| Untracked 
|  46|0x0000000086200000, 0x0000000086200000, 0x0000000086300000|  0%| F|  |TAMS 0x0000000086200000, 0x0000000086200000| Untracked 
|  47|0x0000000086300000, 0x0000000086300000, 0x0000000086400000|  0%| F|  |TAMS 0x0000000086300000, 0x0000000086300000| Untracked 
|  48|0x0000000086400000, 0x0000000086400000, 0x0000000086500000|  0%| F|  |TAMS 0x0000000086400000, 0x0000000086400000| Untracked 
|  49|0x0000000086500000, 0x0000000086500000, 0x0000000086600000|  0%| F|  |TAMS 0x0000000086500000, 0x0000000086500000| Untracked 
|  50|0x0000000086600000, 0x0000000086600000, 0x0000000086700000|  0%| F|  |TAMS 0x0000000086600000, 0x0000000086600000| Untracked 
|  51|0x0000000086700000, 0x0000000086700000, 0x0000000086800000|  0%| F|  |TAMS 0x0000000086700000, 0x0000000086700000| Untracked 
|  52|0x0000000086800000, 0x0000000086800000, 0x0000000086900000|  0%| F|  |TAMS 0x0000000086800000, 0x0000000086800000| Untracked 
|  53|0x0000000086900000, 0x0000000086900000, 0x0000000086a00000|  0%| F|  |TAMS 0x0000000086900000, 0x0000000086900000| Untracked 
|  54|0x0000000086a00000, 0x0000000086a00000, 0x0000000086b00000|  0%| F|  |TAMS 0x0000000086a00000, 0x0000000086a00000| Untracked 
|  55|0x0000000086b00000, 0x0000000086b00000, 0x0000000086c00000|  0%| F|  |TAMS 0x0000000086b00000, 0x0000000086b00000| Untracked 
|  56|0x0000000086c00000, 0x0000000086c00000, 0x0000000086d00000|  0%| F|  |TAMS 0x0000000086c00000, 0x0000000086c00000| Untracked 
|  57|0x0000000086d00000, 0x0000000086d00000, 0x0000000086e00000|  0%| F|  |TAMS 0x0000000086d00000, 0x0000000086d00000| Untracked 
|  58|0x0000000086e00000, 0x0000000086e00000, 0x0000000086f00000|  0%| F|  |TAMS 0x0000000086e00000, 0x0000000086e00000| Untracked 
|  59|0x0000000086f00000, 0x0000000086f00000, 0x0000000087000000|  0%| F|  |TAMS 0x0000000086f00000, 0x0000000086f00000| Untracked 
|  60|0x0000000087000000, 0x0000000087000000, 0x0000000087100000|  0%| F|  |TAMS 0x0000000087000000, 0x0000000087000000| Untracked 
|  61|0x0000000087100000, 0x0000000087100000, 0x0000000087200000|  0%| F|  |TAMS 0x0000000087100000, 0x0000000087100000| Untracked 
|  62|0x0000000087200000, 0x0000000087200000, 0x0000000087300000|  0%| F|  |TAMS 0x0000000087200000, 0x0000000087200000| Untracked 
|  63|0x0000000087300000, 0x0000000087300000, 0x0000000087400000|  0%| F|  |TAMS 0x0000000087300000, 0x0000000087300000| Untracked 
|  64|0x0000000087400000, 0x0000000087400000, 0x0000000087500000|  0%| F|  |TAMS 0x0000000087400000, 0x0000000087400000| Untracked 
|  65|0x0000000087500000, 0x0000000087500000, 0x0000000087600000|  0%| F|  |TAMS 0x0000000087500000, 0x0000000087500000| Untracked 
|  66|0x0000000087600000, 0x0000000087600000, 0x0000000087700000|  0%| F|  |TAMS 0x0000000087600000, 0x0000000087600000| Untracked 
|  67|0x0000000087700000, 0x0000000087700000, 0x0000000087800000|  0%| F|  |TAMS 0x0000000087700000, 0x0000000087700000| Untracked 
|  68|0x0000000087800000, 0x0000000087800000, 0x0000000087900000|  0%| F|  |TAMS 0x0000000087800000, 0x0000000087800000| Untracked 
|  69|0x0000000087900000, 0x0000000087900000, 0x0000000087a00000|  0%| F|  |TAMS 0x0000000087900000, 0x0000000087900000| Untracked 
|  70|0x0000000087a00000, 0x0000000087a00000, 0x0000000087b00000|  0%| F|  |TAMS 0x0000000087a00000, 0x0000000087a00000| Untracked 
|  71|0x0000000087b00000, 0x0000000087b00000, 0x0000000087c00000|  0%| F|  |TAMS 0x0000000087b00000, 0x0000000087b00000| Untracked 
|  72|0x0000000087c00000, 0x0000000087c00000, 0x0000000087d00000|  0%| F|  |TAMS 0x0000000087c00000, 0x0000000087c00000| Untracked 
|  73|0x0000000087d00000, 0x0000000087d00000, 0x0000000087e00000|  0%| F|  |TAMS 0x0000000087d00000, 0x0000000087d00000| Untracked 
|  74|0x0000000087e00000, 0x0000000087e00000, 0x0000000087f00000|  0%| F|  |TAMS 0x0000000087e00000, 0x0000000087e00000| Untracked 
|  75|0x0000000087f00000, 0x0000000087f00000, 0x0000000088000000|  0%| F|  |TAMS 0x0000000087f00000, 0x0000000087f00000| Untracked 
|  76|0x0000000088000000, 0x0000000088000000, 0x0000000088100000|  0%| F|  |TAMS 0x0000000088000000, 0x0000000088000000| Untracked 
|  77|0x0000000088100000, 0x0000000088100000, 0x0000000088200000|  0%| F|  |TAMS 0x0000000088100000, 0x0000000088100000| Untracked 
|  78|0x0000000088200000, 0x0000000088200000, 0x0000000088300000|  0%| F|  |TAMS 0x0000000088200000, 0x0000000088200000| Untracked 
|  79|0x0000000088300000, 0x0000000088300000, 0x0000000088400000|  0%| F|  |TAMS 0x0000000088300000, 0x0000000088300000| Untracked 
|  80|0x0000000088400000, 0x0000000088400000, 0x0000000088500000|  0%| F|  |TAMS 0x0000000088400000, 0x0000000088400000| Untracked 
|  81|0x0000000088500000, 0x0000000088500000, 0x0000000088600000|  0%| F|  |TAMS 0x0000000088500000, 0x0000000088500000| Untracked 
|  82|0x0000000088600000, 0x0000000088600000, 0x0000000088700000|  0%| F|  |TAMS 0x0000000088600000, 0x0000000088600000| Untracked 
|  83|0x0000000088700000, 0x0000000088700000, 0x0000000088800000|  0%| F|  |TAMS 0x0000000088700000, 0x0000000088700000| Untracked 
|  84|0x0000000088800000, 0x0000000088800000, 0x0000000088900000|  0%| F|  |TAMS 0x0000000088800000, 0x0000000088800000| Untracked 
|  85|0x0000000088900000, 0x0000000088900000, 0x0000000088a00000|  0%| F|  |TAMS 0x0000000088900000, 0x0000000088900000| Untracked 
|  86|0x0000000088a00000, 0x0000000088a00000, 0x0000000088b00000|  0%| F|  |TAMS 0x0000000088a00000, 0x0000000088a00000| Untracked 
|  87|0x0000000088b00000, 0x0000000088b00000, 0x0000000088c00000|  0%| F|  |TAMS 0x0000000088b00000, 0x0000000088b00000| Untracked 
|  88|0x0000000088c00000, 0x0000000088c00000, 0x0000000088d00000|  0%| F|  |TAMS 0x0000000088c00000, 0x0000000088c00000| Untracked 
|  89|0x0000000088d00000, 0x0000000088d00000, 0x0000000088e00000|  0%| F|  |TAMS 0x0000000088d00000, 0x0000000088d00000| Untracked 
|  90|0x0000000088e00000, 0x0000000088e00000, 0x0000000088f00000|  0%| F|  |TAMS 0x0000000088e00000, 0x0000000088e00000| Untracked 
|  91|0x0000000088f00000, 0x0000000088f00000, 0x0000000089000000|  0%| F|  |TAMS 0x0000000088f00000, 0x0000000088f00000| Untracked 
|  92|0x0000000089000000, 0x0000000089000000, 0x0000000089100000|  0%| F|  |TAMS 0x0000000089000000, 0x0000000089000000| Untracked 
|  93|0x0000000089100000, 0x0000000089100000, 0x0000000089200000|  0%| F|  |TAMS 0x0000000089100000, 0x0000000089100000| Untracked 
|  94|0x0000000089200000, 0x0000000089200000, 0x0000000089300000|  0%| F|  |TAMS 0x0000000089200000, 0x0000000089200000| Untracked 
|  95|0x0000000089300000, 0x0000000089300000, 0x0000000089400000|  0%| F|  |TAMS 0x0000000089300000, 0x0000000089300000| Untracked 
|  96|0x0000000089400000, 0x0000000089400000, 0x0000000089500000|  0%| F|  |TAMS 0x0000000089400000, 0x0000000089400000| Untracked 
|  97|0x0000000089500000, 0x0000000089500000, 0x0000000089600000|  0%| F|  |TAMS 0x0000000089500000, 0x0000000089500000| Untracked 
|  98|0x0000000089600000, 0x0000000089600000, 0x0000000089700000|  0%| F|  |TAMS 0x0000000089600000, 0x0000000089600000| Untracked 
|  99|0x0000000089700000, 0x0000000089700000, 0x0000000089800000|  0%| F|  |TAMS 0x0000000089700000, 0x0000000089700000| Untracked 
| 100|0x0000000089800000, 0x0000000089900000, 0x0000000089900000|100%| S|CS|TAMS 0x0000000089800000, 0x0000000089800000| Complete 
| 101|0x0000000089900000, 0x0000000089a00000, 0x0000000089a00000|100%| S|CS|TAMS 0x0000000089900000, 0x0000000089900000| Complete 
| 102|0x0000000089a00000, 0x0000000089b00000, 0x0000000089b00000|100%| S|CS|TAMS 0x0000000089a00000, 0x0000000089a00000| Complete 
| 103|0x0000000089b00000, 0x0000000089b00000, 0x0000000089c00000|  0%| F|  |TAMS 0x0000000089b00000, 0x0000000089b00000| Untracked 
| 104|0x0000000089c00000, 0x0000000089c00000, 0x0000000089d00000|  0%| F|  |TAMS 0x0000000089c00000, 0x0000000089c00000| Untracked 
| 105|0x0000000089d00000, 0x0000000089d00000, 0x0000000089e00000|  0%| F|  |TAMS 0x0000000089d00000, 0x0000000089d00000| Untracked 
| 106|0x0000000089e00000, 0x0000000089e00000, 0x0000000089f00000|  0%| F|  |TAMS 0x0000000089e00000, 0x0000000089e00000| Untracked 
| 107|0x0000000089f00000, 0x0000000089f00000, 0x000000008a000000|  0%| F|  |TAMS 0x0000000089f00000, 0x0000000089f00000| Untracked 
| 108|0x000000008a000000, 0x000000008a000000, 0x000000008a100000|  0%| F|  |TAMS 0x000000008a000000, 0x000000008a000000| Untracked 
| 109|0x000000008a100000, 0x000000008a100000, 0x000000008a200000|  0%| F|  |TAMS 0x000000008a100000, 0x000000008a100000| Untracked 
| 110|0x000000008a200000, 0x000000008a200000, 0x000000008a300000|  0%| F|  |TAMS 0x000000008a200000, 0x000000008a200000| Untracked 
| 111|0x000000008a300000, 0x000000008a400000, 0x000000008a400000|100%| E|  |TAMS 0x000000008a300000, 0x000000008a300000| Complete 
| 112|0x000000008a400000, 0x000000008a500000, 0x000000008a500000|100%| E|CS|TAMS 0x000000008a400000, 0x000000008a400000| Complete 
| 113|0x000000008a500000, 0x000000008a600000, 0x000000008a600000|100%| E|CS|TAMS 0x000000008a500000, 0x000000008a500000| Complete 
| 114|0x000000008a600000, 0x000000008a700000, 0x000000008a700000|100%| E|CS|TAMS 0x000000008a600000, 0x000000008a600000| Complete 
| 115|0x000000008a700000, 0x000000008a800000, 0x000000008a800000|100%| E|CS|TAMS 0x000000008a700000, 0x000000008a700000| Complete 
| 116|0x000000008a800000, 0x000000008a900000, 0x000000008a900000|100%| E|CS|TAMS 0x000000008a800000, 0x000000008a800000| Complete 
| 117|0x000000008a900000, 0x000000008aa00000, 0x000000008aa00000|100%| E|CS|TAMS 0x000000008a900000, 0x000000008a900000| Complete 
| 118|0x000000008aa00000, 0x000000008ab00000, 0x000000008ab00000|100%| E|CS|TAMS 0x000000008aa00000, 0x000000008aa00000| Complete 
| 119|0x000000008ab00000, 0x000000008ac00000, 0x000000008ac00000|100%| E|CS|TAMS 0x000000008ab00000, 0x000000008ab00000| Complete 
| 120|0x000000008ac00000, 0x000000008ad00000, 0x000000008ad00000|100%| E|CS|TAMS 0x000000008ac00000, 0x000000008ac00000| Complete 
| 121|0x000000008ad00000, 0x000000008ae00000, 0x000000008ae00000|100%| E|CS|TAMS 0x000000008ad00000, 0x000000008ad00000| Complete 
| 122|0x000000008ae00000, 0x000000008af00000, 0x000000008af00000|100%| E|CS|TAMS 0x000000008ae00000, 0x000000008ae00000| Complete 
| 123|0x000000008af00000, 0x000000008b000000, 0x000000008b000000|100%| E|CS|TAMS 0x000000008af00000, 0x000000008af00000| Complete 
| 124|0x000000008b000000, 0x000000008b100000, 0x000000008b100000|100%| E|CS|TAMS 0x000000008b000000, 0x000000008b000000| Complete 
| 125|0x000000008b100000, 0x000000008b200000, 0x000000008b200000|100%| E|CS|TAMS 0x000000008b100000, 0x000000008b100000| Complete 

Card table byte_map: [0x000002982b090000,0x000002982b480000] _byte_map_base: 0x000002982ac76000

Marking Bits (Prev, Next): (CMBitMap*) 0x0000029814109b70, (CMBitMap*) 0x0000029814109bb0
 Prev Bits: [0x000002982b870000, 0x000002982d7a0000)
 Next Bits: [0x000002982d7a0000, 0x000002982f6d0000)

Polling page: 0x0000029812240000

Metaspace:

Usage:
  Non-class:      9.71 MB used.
      Class:      1.13 MB used.
       Both:     10.85 MB used.

Virtual space:
  Non-class space:       64.00 MB reserved,       9.81 MB ( 15%) committed,  1 nodes.
      Class space:        1.00 GB reserved,       1.19 MB ( <1%) committed,  1 nodes.
             Both:        1.06 GB reserved,      11.00 MB (  1%) committed. 

Chunk freelists:
   Non-Class:  5.36 MB
       Class:  14.81 MB
        Both:  20.17 MB

MaxMetaspaceSize: unlimited
CompressedClassSpaceSize: 1.00 GB
Initial GC threshold: 21.00 MB
Current GC threshold: 21.00 MB
CDS: on
MetaspaceReclaimPolicy: balanced
 - commit_granule_bytes: 65536.
 - commit_granule_words: 8192.
 - virtual_space_node_default_size: 8388608.
 - enlarge_chunks_in_place: 1.
 - new_chunks_are_fully_committed: 0.
 - uncommit_free_chunks: 1.
 - use_allocation_guard: 0.
 - handle_deallocations: 1.


Internal statistics:

num_allocs_failed_limit: 0.
num_arena_births: 68.
num_arena_deaths: 0.
num_vsnodes_births: 2.
num_vsnodes_deaths: 0.
num_space_committed: 176.
num_space_uncommitted: 0.
num_chunks_returned_to_freelist: 0.
num_chunks_taken_from_freelist: 314.
num_chunk_merges: 0.
num_chunk_splits: 229.
num_chunks_enlarged: 188.
num_inconsistent_stats: 0.

CodeHeap 'non-profiled nmethods': size=120000Kb used=590Kb max_used=590Kb free=119409Kb
 bounds [0x0000029823440000, 0x00000298236b0000, 0x000002982a970000]
CodeHeap 'profiled nmethods': size=120000Kb used=2501Kb max_used=2501Kb free=117498Kb
 bounds [0x000002981b970000, 0x000002981bbf0000, 0x0000029822ea0000]
CodeHeap 'non-nmethods': size=5760Kb used=1202Kb max_used=1213Kb free=4557Kb
 bounds [0x0000029822ea0000, 0x0000029823110000, 0x0000029823440000]
 total_blobs=1891 nmethods=1385 adapters=419
 compilation: enabled
              stopped_count=0, restarted_count=0
 full_count=0

Compilation events (20 events):
Event: 1.594 Thread 0x00000298320e7700 1369  s    3       java.lang.StringBuffer::toString (59 bytes)
Event: 1.595 Thread 0x00000298320e7700 nmethod 1369 0x000002981bbdbc90 code [0x000002981bbdbe80, 0x000002981bbdc498]
Event: 1.595 Thread 0x00000298320e7700 1371       3       java.lang.Enum::hashCode (5 bytes)
Event: 1.595 Thread 0x00000298320e7700 nmethod 1371 0x000002981bbdc610 code [0x000002981bbdc7a0, 0x000002981bbdc8e8]
Event: 1.595 Thread 0x00000298320e7700 1373       1       com.mysql.cj.conf.AbstractPropertyDefinition::getPropertyKey (5 bytes)
Event: 1.595 Thread 0x00000298320e7700 nmethod 1373 0x00000298234d1b10 code [0x00000298234d1ca0, 0x00000298234d1d78]
Event: 1.595 Thread 0x00000298320e7700 1370       3       java.lang.StringBuffer::<init> (7 bytes)
Event: 1.595 Thread 0x00000298320e7700 nmethod 1370 0x000002981bbdc990 code [0x000002981bbdcb20, 0x000002981bbdcc68]
Event: 1.600 Thread 0x00000298320e7700 1374       1       com.mysql.cj.conf.AbstractPropertyDefinition::getDefaultValue (5 bytes)
Event: 1.600 Thread 0x00000298320dcd20 1375       4       java.util.Collections$UnmodifiableCollection$1::hasNext (10 bytes)
Event: 1.600 Thread 0x000002983233b110 1376       4       java.util.Collections$UnmodifiableCollection$1::next (10 bytes)
Event: 1.601 Thread 0x00000298320e7700 nmethod 1374 0x00000298234d1e10 code [0x00000298234d1fa0, 0x00000298234d2078]
Event: 1.601 Thread 0x00000298320e7700 1377       1       com.mysql.cj.conf.AbstractRuntimeProperty::getPropertyDefinition (5 bytes)
Event: 1.601 Thread 0x00000298320e7700 nmethod 1377 0x00000298234d2110 code [0x00000298234d22a0, 0x00000298234d2378]
Event: 1.601 Thread 0x00000298320e7700 1378       1       com.mysql.cj.conf.AbstractPropertyDefinition::getName (5 bytes)
Event: 1.601 Thread 0x00000298320e7700 nmethod 1378 0x00000298234d2410 code [0x00000298234d25a0, 0x00000298234d2678]
Event: 1.601 Thread 0x00000298320e7700 1379       1       com.mysql.cj.conf.AbstractPropertyDefinition::getCcAlias (5 bytes)
Event: 1.602 Thread 0x00000298320e7700 nmethod 1379 0x00000298234d2710 code [0x00000298234d28a0, 0x00000298234d2978]
Event: 1.602 Thread 0x00000298320dcd20 nmethod 1375 0x00000298234d2a10 code [0x00000298234d2ba0, 0x00000298234d2c98]
Event: 1.603 Thread 0x000002983233b110 nmethod 1376 0x00000298234d2d90 code [0x00000298234d2f20, 0x00000298234d30b8]

GC Heap History (2 events):
Event: 1.013 GC heap before
{Heap before GC invocations=0 (full 0):
 garbage-first heap   total 129024K, used 22528K [0x0000000083400000, 0x0000000100000000)
  region size 1024K, 23 young (23552K), 0 survivors (0K)
 Metaspace       used 5697K, committed 5824K, reserved 1114112K
  class space    used 574K, committed 640K, reserved 1048576K
}
Event: 1.023 GC heap after
{Heap after GC invocations=1 (full 0):
 garbage-first heap   total 129024K, used 4672K [0x0000000083400000, 0x0000000100000000)
  region size 1024K, 3 young (3072K), 3 survivors (3072K)
 Metaspace       used 5697K, committed 5824K, reserved 1114112K
  class space    used 574K, committed 640K, reserved 1048576K
}

Deoptimization events (20 events):
Event: 1.295 Thread 0x00000298320d8f70 Uncommon trap: trap_request=0xffffff45 fr.pc=0x00000298234890f8 relative=0x00000000000011d8
Event: 1.295 Thread 0x00000298320d8f70 Uncommon trap: reason=unstable_if action=reinterpret pc=0x00000298234890f8 method=java.util.concurrent.ConcurrentHashMap.putVal(Ljava/lang/Object;Ljava/lang/Object;Z)Ljava/lang/Object; @ 231 c2
Event: 1.295 Thread 0x00000298320d8f70 DEOPT PACKING pc=0x00000298234890f8 sp=0x000000d05bbfe4f0
Event: 1.295 Thread 0x00000298320d8f70 DEOPT UNPACKING pc=0x0000029822ef23a3 sp=0x000000d05bbfe460 mode 2
Event: 1.456 Thread 0x00000298140aeef0 Uncommon trap: trap_request=0xffffff45 fr.pc=0x000002982347e984 relative=0x0000000000000d04
Event: 1.456 Thread 0x00000298140aeef0 Uncommon trap: reason=unstable_if action=reinterpret pc=0x000002982347e984 method=java.util.jar.JarFile.checkForSpecialAttributes()V @ 4 c2
Event: 1.456 Thread 0x00000298140aeef0 DEOPT PACKING pc=0x000002982347e984 sp=0x000000d05b1fea90
Event: 1.456 Thread 0x00000298140aeef0 DEOPT UNPACKING pc=0x0000029822ef23a3 sp=0x000000d05b1fe988 mode 2
Event: 1.457 Thread 0x00000298140aeef0 Uncommon trap: trap_request=0xffffff45 fr.pc=0x00000298234846c4 relative=0x0000000000000ea4
Event: 1.457 Thread 0x00000298140aeef0 Uncommon trap: reason=unstable_if action=reinterpret pc=0x00000298234846c4 method=java.io.BufferedReader.readLine(Z[Z)Ljava/lang/String; @ 63 c2
Event: 1.457 Thread 0x00000298140aeef0 DEOPT PACKING pc=0x00000298234846c4 sp=0x000000d05b1feb20
Event: 1.457 Thread 0x00000298140aeef0 DEOPT UNPACKING pc=0x0000029822ef23a3 sp=0x000000d05b1feab8 mode 2
Event: 1.458 Thread 0x00000298140aeef0 DEOPT PACKING pc=0x000002981b9acb68 sp=0x000000d05b1fd9d0
Event: 1.458 Thread 0x00000298140aeef0 DEOPT UNPACKING pc=0x0000029822ef2b43 sp=0x000000d05b1fce60 mode 0
Event: 1.481 Thread 0x00000298140aeef0 DEOPT PACKING pc=0x000002981ba0a396 sp=0x000000d05b1fdc60
Event: 1.481 Thread 0x00000298140aeef0 DEOPT UNPACKING pc=0x0000029822ef2b43 sp=0x000000d05b1fd138 mode 0
Event: 1.514 Thread 0x00000298140aeef0 Uncommon trap: trap_request=0xffffff45 fr.pc=0x000002982347fe7c relative=0x00000000000000dc
Event: 1.514 Thread 0x00000298140aeef0 Uncommon trap: reason=unstable_if action=reinterpret pc=0x000002982347fe7c method=sun.net.www.ParseUtil.firstEncodeIndex(Ljava/lang/String;)I @ 51 c2
Event: 1.514 Thread 0x00000298140aeef0 DEOPT PACKING pc=0x000002982347fe7c sp=0x000000d05b1fc300
Event: 1.514 Thread 0x00000298140aeef0 DEOPT UNPACKING pc=0x0000029822ef23a3 sp=0x000000d05b1fc278 mode 2

Classes unloaded (0 events):
No events

Classes redefined (0 events):
No events

Internal exceptions (14 events):
Event: 0.267 Thread 0x0000029832564440 Exception <a 'java/lang/NoSuchMethodError'{0x000000008ad800c8}: 'java.lang.Object java.lang.invoke.DirectMethodHandle$Holder.invokeStaticInit(java.lang.Object)'> (0x000000008ad800c8) 
thrown [s\open\src\hotspot\share\interpreter\linkResolver.cpp, line 759]
Event: 0.278 Thread 0x0000029832564440 Exception <a 'java/lang/NoSuchMethodError'{0x000000008ad8de98}: 'void java.lang.invoke.DirectMethodHandle$Holder.invokeStatic(java.lang.Object, java.lang.Object)'> (0x000000008ad8de98) 
thrown [s\open\src\hotspot\share\interpreter\linkResolver.cpp, line 759]
Event: 0.952 Thread 0x00000298140aeef0 Exception <a 'java/lang/NoClassDefFoundError'{0x0000000089b1e3b8}: org/apache/log4j/Priority> (0x0000000089b1e3b8) 
thrown [s\open\src\hotspot\share\classfile\systemDictionary.cpp, line 245]
Event: 1.051 Thread 0x00000298140aeef0 Exception <a 'sun/nio/fs/WindowsException'{0x000000008b169e98}> (0x000000008b169e98) 
thrown [s\open\src\hotspot\share\prims\jni.cpp, line 516]
Event: 1.069 Thread 0x00000298140aeef0 Exception <a 'java/lang/NoSuchMethodError'{0x000000008b193410}: 'int java.lang.invoke.DirectMethodHandle$Holder.invokeStaticInit(java.lang.Object, java.lang.Object, java.lang.Object, java.lang.Object)'> (0x000000008b193410) 
thrown [s\open\src\hotspot\share\interpreter\linkResolver.cpp, line 759]
Event: 1.071 Thread 0x00000298140aeef0 Exception <a 'java/lang/NoSuchMethodError'{0x000000008b19d4a0}: 'java.lang.Object java.lang.invoke.DirectMethodHandle$Holder.invokeInterface(java.lang.Object, java.lang.Object)'> (0x000000008b19d4a0) 
thrown [s\open\src\hotspot\share\interpreter\linkResolver.cpp, line 759]
Event: 1.072 Thread 0x00000298140aeef0 Exception <a 'java/lang/IncompatibleClassChangeError'{0x000000008b1a0c98}: Found class java.lang.Object, but interface was expected> (0x000000008b1a0c98) 
thrown [s\open\src\hotspot\share\interpreter\linkResolver.cpp, line 826]
Event: 1.072 Thread 0x00000298140aeef0 Exception <a 'java/lang/NoSuchMethodError'{0x000000008b1a3d68}: 'void java.lang.invoke.DirectMethodHandle$Holder.invokeStaticInit(java.lang.Object, java.lang.Object)'> (0x000000008b1a3d68) 
thrown [s\open\src\hotspot\share\interpreter\linkResolver.cpp, line 759]
Event: 1.073 Thread 0x00000298140aeef0 Exception <a 'java/lang/NoSuchMethodError'{0x000000008b1a9de0}: 'int java.lang.invoke.DirectMethodHandle$Holder.invokeStaticInit(java.lang.Object, java.lang.Object)'> (0x000000008b1a9de0) 
thrown [s\open\src\hotspot\share\interpreter\linkResolver.cpp, line 759]
Event: 1.231 Thread 0x00000298140aeef0 Exception <a 'java/lang/NoSuchMethodError'{0x000000008ac37f10}: 'java.lang.Object java.lang.invoke.DirectMethodHandle$Holder.invokeStaticInit(java.lang.Object, int, int, int, int)'> (0x000000008ac37f10) 
thrown [s\open\src\hotspot\share\interpreter\linkResolver.cpp, line 759]
Event: 1.329 Thread 0x00000298140aeef0 Exception <a 'java/lang/NoSuchMethodError'{0x000000008ac68990}: 'java.lang.Object java.lang.invoke.DirectMethodHandle$Holder.invokeStaticInit(java.lang.Object, java.lang.Object, int, int, int, int)'> (0x000000008ac68990) 
thrown [s\open\src\hotspot\share\interpreter\linkResolver.cpp, line 759]
Event: 1.526 Thread 0x00000298140aeef0 Exception <a 'java/lang/NoSuchMethodError'{0x000000008a7727d0}: 'void java.lang.invoke.DirectMethodHandle$Holder.invokeSpecial(java.lang.Object, java.lang.Object, java.lang.Object)'> (0x000000008a7727d0) 
thrown [s\open\src\hotspot\share\interpreter\linkResolver.cpp, line 759]
Event: 1.528 Thread 0x00000298140aeef0 Exception <a 'java/lang/NoSuchMethodError'{0x000000008a7791e8}: 'void java.lang.invoke.DirectMethodHandle$Holder.invokeStatic(java.lang.Object, java.lang.Object, java.lang.Object)'> (0x000000008a7791e8) 
thrown [s\open\src\hotspot\share\interpreter\linkResolver.cpp, line 759]
Event: 1.530 Thread 0x00000298140aeef0 Exception <a 'java/lang/NoSuchMethodError'{0x000000008a783928}: 'java.lang.Object java.lang.invoke.DirectMethodHandle$Holder.invokeVirtual(java.lang.Object, java.lang.Object, java.lang.Object)'> (0x000000008a783928) 
thrown [s\open\src\hotspot\share\interpreter\linkResolver.cpp, line 759]

VM Operations (20 events):
Event: 0.138 Executing VM operation: HandshakeAllThreads
Event: 0.138 Executing VM operation: HandshakeAllThreads done
Event: 0.265 Executing VM operation: HandshakeAllThreads
Event: 0.265 Executing VM operation: HandshakeAllThreads done
Event: 0.840 Executing VM operation: HandshakeAllThreads
Event: 0.840 Executing VM operation: HandshakeAllThreads done
Event: 1.001 Executing VM operation: HandshakeAllThreads
Event: 1.001 Executing VM operation: HandshakeAllThreads done
Event: 1.013 Executing VM operation: G1CollectForAllocation
Event: 1.023 Executing VM operation: G1CollectForAllocation done
Event: 1.063 Executing VM operation: HandshakeAllThreads
Event: 1.063 Executing VM operation: HandshakeAllThreads done
Event: 1.127 Executing VM operation: HandshakeAllThreads
Event: 1.127 Executing VM operation: HandshakeAllThreads done
Event: 1.339 Executing VM operation: HandshakeAllThreads
Event: 1.339 Executing VM operation: HandshakeAllThreads done
Event: 1.474 Executing VM operation: HandshakeAllThreads
Event: 1.474 Executing VM operation: HandshakeAllThreads done
Event: 1.475 Executing VM operation: HandshakeAllThreads
Event: 1.475 Executing VM operation: HandshakeAllThreads done

Events (20 events):
Event: 1.514 loading class java/util/ResourceBundle$BundleReference
Event: 1.514 loading class java/util/ResourceBundle$BundleReference done
Event: 1.516 loading class java/text/MessageFormat
Event: 1.517 loading class java/text/MessageFormat done
Event: 1.517 loading class jdk/internal/math/FDBigInteger
Event: 1.517 loading class jdk/internal/math/FDBigInteger done
Event: 1.523 loading class java/math/MathContext
Event: 1.523 loading class java/math/MathContext done
Event: 1.525 loading class java/util/Collections$UnmodifiableMap$UnmodifiableEntrySet
Event: 1.525 loading class java/util/Collections$UnmodifiableMap$UnmodifiableEntrySet done
Event: 1.526 loading class java/util/Collections$UnmodifiableMap$UnmodifiableEntrySet$UnmodifiableEntrySetSpliterator
Event: 1.526 loading class java/util/Collections$UnmodifiableMap$UnmodifiableEntrySet$UnmodifiableEntrySetSpliterator done
Event: 1.526 loading class java/util/HashMap$EntrySpliterator
Event: 1.526 loading class java/util/HashMap$EntrySpliterator done
Event: 1.527 loading class java/lang/invoke/DirectMethodHandle$Special
Event: 1.527 loading class java/lang/invoke/DirectMethodHandle$Special done
Event: 1.541 loading class java/lang/reflect/InvocationHandler
Event: 1.541 loading class java/lang/reflect/InvocationHandler done
Event: 1.587 loading class java/text/MessageFormat$Field
Event: 1.587 loading class java/text/MessageFormat$Field done


Dynamic libraries:
0x00007ff620bb0000 - 0x00007ff620bc0000 	C:\Program Files\Java\jdk-17\bin\java.exe
0x00007ff92a550000 - 0x00007ff92a748000 	C:\WINDOWS\SYSTEM32\ntdll.dll
0x00007ff9288d0000 - 0x00007ff928992000 	C:\WINDOWS\System32\KERNEL32.DLL
0x00007ff927fd0000 - 0x00007ff9282ce000 	C:\WINDOWS\System32\KERNELBASE.dll
0x00007ff928370000 - 0x00007ff928470000 	C:\WINDOWS\System32\ucrtbase.dll
0x00007ff91b6d0000 - 0x00007ff91b6eb000 	C:\Program Files\Java\jdk-17\bin\VCRUNTIME140.dll
0x00007ff8fc0a0000 - 0x00007ff8fc0b9000 	C:\Program Files\Java\jdk-17\bin\jli.dll
0x00007ff928f30000 - 0x00007ff928fe1000 	C:\WINDOWS\System32\ADVAPI32.dll
0x00007ff92a210000 - 0x00007ff92a2ae000 	C:\WINDOWS\System32\msvcrt.dll
0x00007ff9287a0000 - 0x00007ff92883f000 	C:\WINDOWS\System32\sechost.dll
0x00007ff929970000 - 0x00007ff929a93000 	C:\WINDOWS\System32\RPCRT4.dll
0x00007ff927bf0000 - 0x00007ff927c17000 	C:\WINDOWS\System32\bcrypt.dll
0x00007ff9297d0000 - 0x00007ff92996d000 	C:\WINDOWS\System32\USER32.dll
0x00007ff927dd0000 - 0x00007ff927df2000 	C:\WINDOWS\System32\win32u.dll
0x00007ff929300000 - 0x00007ff92932b000 	C:\WINDOWS\System32\GDI32.dll
0x00007ff927cb0000 - 0x00007ff927dc7000 	C:\WINDOWS\System32\gdi32full.dll
0x00007ff9282d0000 - 0x00007ff92836d000 	C:\WINDOWS\System32\msvcp_win.dll
0x00007ff90b4b0000 - 0x00007ff90b74a000 	C:\WINDOWS\WinSxS\amd64_microsoft.windows.common-controls_6595b64144ccf1df_6.0.19041.4355_none_60b8b9eb71f62e16\COMCTL32.dll
0x00007ff920410000 - 0x00007ff92041a000 	C:\WINDOWS\SYSTEM32\VERSION.dll
0x00007ff9297a0000 - 0x00007ff9297cf000 	C:\WINDOWS\System32\IMM32.DLL
0x00007ff91c210000 - 0x00007ff91c21c000 	C:\Program Files\Java\jdk-17\bin\vcruntime140_1.dll
0x00007ff8f57b0000 - 0x00007ff8f583e000 	C:\Program Files\Java\jdk-17\bin\msvcp140.dll
0x00007ff8ae4d0000 - 0x00007ff8af0b0000 	C:\Program Files\Java\jdk-17\bin\server\jvm.dll
0x00007ff92a500000 - 0x00007ff92a508000 	C:\WINDOWS\System32\PSAPI.DLL
0x00007ff916800000 - 0x00007ff916809000 	C:\WINDOWS\SYSTEM32\WSOCK32.dll
0x00007ff9291e0000 - 0x00007ff92924b000 	C:\WINDOWS\System32\WS2_32.dll
0x00007ff919c80000 - 0x00007ff919ca7000 	C:\WINDOWS\SYSTEM32\WINMM.dll
0x00007ff925c50000 - 0x00007ff925c62000 	C:\WINDOWS\SYSTEM32\kernel.appcore.dll
0x00007ff91ba40000 - 0x00007ff91ba4a000 	C:\Program Files\Java\jdk-17\bin\jimage.dll
0x00007ff925730000 - 0x00007ff925914000 	C:\WINDOWS\SYSTEM32\DBGHELP.DLL
0x00007ff920150000 - 0x00007ff920184000 	C:\WINDOWS\SYSTEM32\dbgcore.DLL
0x00007ff927c20000 - 0x00007ff927ca2000 	C:\WINDOWS\System32\bcryptPrimitives.dll
0x00007ff90aed0000 - 0x00007ff90aede000 	C:\Program Files\Java\jdk-17\bin\instrument.dll
0x00007ff90afb0000 - 0x00007ff90afd5000 	C:\Program Files\Java\jdk-17\bin\java.dll
0x00007ff8ed1b0000 - 0x00007ff8ed287000 	C:\Program Files\Java\jdk-17\bin\jsvml.dll
0x00007ff929aa0000 - 0x00007ff92a20d000 	C:\WINDOWS\System32\SHELL32.dll
0x00007ff925c70000 - 0x00007ff926414000 	C:\WINDOWS\SYSTEM32\windows.storage.dll
0x00007ff928bd0000 - 0x00007ff928f23000 	C:\WINDOWS\System32\combase.dll
0x00007ff927620000 - 0x00007ff92764e000 	C:\WINDOWS\SYSTEM32\Wldp.dll
0x00007ff92a3d0000 - 0x00007ff92a49d000 	C:\WINDOWS\System32\OLEAUT32.dll
0x00007ff9289a0000 - 0x00007ff928a4d000 	C:\WINDOWS\System32\SHCORE.dll
0x00007ff928570000 - 0x00007ff9285c5000 	C:\WINDOWS\System32\shlwapi.dll
0x00007ff927b20000 - 0x00007ff927b44000 	C:\WINDOWS\SYSTEM32\profapi.dll
0x00007ff8fb7a0000 - 0x00007ff8fb7b8000 	C:\Program Files\Java\jdk-17\bin\zip.dll
0x00007ff91b5a0000 - 0x00007ff91b5b9000 	C:\Program Files\Java\jdk-17\bin\net.dll
0x00007ff9249e0000 - 0x00007ff924aed000 	C:\WINDOWS\SYSTEM32\WINHTTP.dll
0x00007ff927380000 - 0x00007ff9273ea000 	C:\WINDOWS\system32\mswsock.dll
0x00007ff90fa70000 - 0x00007ff90fa86000 	C:\Program Files\Java\jdk-17\bin\nio.dll
0x00007ff8f6c80000 - 0x00007ff8f6c9a000 	C:\Program Files\JetBrains\IntelliJ IDEA Community Edition 2021.3.2\bin\breakgen64.dll
0x00007ff91ba10000 - 0x00007ff91ba20000 	C:\Program Files\Java\jdk-17\bin\verify.dll
0x00007ff927580000 - 0x00007ff927598000 	C:\WINDOWS\SYSTEM32\CRYPTSP.dll
0x00007ff926c30000 - 0x00007ff926c64000 	C:\WINDOWS\system32\rsaenh.dll
0x00007ff927ae0000 - 0x00007ff927b0e000 	C:\WINDOWS\SYSTEM32\USERENV.dll
0x00007ff927570000 - 0x00007ff92757c000 	C:\WINDOWS\SYSTEM32\CRYPTBASE.dll
0x00007ff927010000 - 0x00007ff92704b000 	C:\WINDOWS\SYSTEM32\IPHLPAPI.DLL
0x00007ff928b30000 - 0x00007ff928b38000 	C:\WINDOWS\System32\NSI.dll
0x00007ff921750000 - 0x00007ff921767000 	C:\WINDOWS\SYSTEM32\dhcpcsvc6.DLL
0x00007ff922be0000 - 0x00007ff922bfd000 	C:\WINDOWS\SYSTEM32\dhcpcsvc.DLL
0x00007ff927050000 - 0x00007ff92711a000 	C:\WINDOWS\SYSTEM32\DNSAPI.dll
0x00007ff921740000 - 0x00007ff92174a000 	C:\Windows\System32\rasadhlp.dll
0x00007ff920600000 - 0x00007ff920680000 	C:\WINDOWS\System32\fwpuclnt.dll

dbghelp: loaded successfully - version: 4.0.5 - missing functions: none
symbol engine: initialized successfully - sym options: 0x614 - pdb path: .;C:\Program Files\Java\jdk-17\bin;C:\WINDOWS\SYSTEM32;C:\WINDOWS\WinSxS\amd64_microsoft.windows.common-controls_6595b64144ccf1df_6.0.19041.4355_none_60b8b9eb71f62e16;C:\Program Files\Java\jdk-17\bin\server;C:\Program Files\JetBrains\IntelliJ IDEA Community Edition 2021.3.2\bin

VM Arguments:
jvm_args: -javaagent:C:\Program Files\JetBrains\IntelliJ IDEA Community Edition 2021.3.2\lib\idea_rt.jar=62171:C:\Program Files\JetBrains\IntelliJ IDEA Community Edition 2021.3.2\bin -Dfile.encoding=UTF-8 
java_command: org.example.Main
java_class_path (initial): C:\Users\khusn\OneDrive\Документы\GitHub\eternal_bot\bot\target\classes;C:\Users\khusn\.m2\repository\org\telegram\telegrambots\6.9.7.1\telegrambots-6.9.7.1.jar;C:\Users\khusn\.m2\repository\org\telegram\telegrambots-meta\6.9.7.1\telegrambots-meta-6.9.7.1.jar;C:\Users\khusn\.m2\repository\org\apache\commons\commons-lang3\3.14.0\commons-lang3-3.14.0.jar;C:\Users\khusn\.m2\repository\com\fasterxml\jackson\datatype\jackson-datatype-jsr310\2.16.1\jackson-datatype-jsr310-2.16.1.jar;C:\Users\khusn\.m2\repository\com\fasterxml\jackson\core\jackson-annotations\2.16.1\jackson-annotations-2.16.1.jar;C:\Users\khusn\.m2\repository\com\fasterxml\jackson\jaxrs\jackson-jaxrs-json-provider\2.16.1\jackson-jaxrs-json-provider-2.16.1.jar;C:\Users\khusn\.m2\repository\com\fasterxml\jackson\jaxrs\jackson-jaxrs-base\2.16.1\jackson-jaxrs-base-2.16.1.jar;C:\Users\khusn\.m2\repository\com\fasterxml\jackson\module\jackson-module-jaxb-annotations\2.16.1\jackson-module-jaxb-annotations-2.16.1.jar;C:\Users\khusn\.m2\repository\com\fasterxml\jackson\core\jackson-core\2.16.1\jackson-core-2.16.1.jar;C:\Users\khusn\.m2\repository\jakarta\xml\bind\jakarta.xml.bind-api\2.3.3\jakarta.xml.bind-api-2.3.3.jar;C:\Users\khusn\.m2\repository\com\fasterxml\jackson\core\jackson-databind\2.16.1\jackson-databind-2.16.1.jar;C:\Users\khusn\.m2\repository\org\glassfish\jersey\inject\jersey-hk2\2.41\jersey-hk2-2.41.jar;C:\Users\khusn\.m2\repository\org\glassfish\jersey\core\jersey-common\2.41\jersey-common-2.41.jar;C:\Users\khusn\.m2\repository\org\glassfish\hk2\osgi-resource-locator\1.0.3\osgi-resource-locator-1.0.3.jar;C:\Users\khusn\.m2\repository\org\glassfish\hk2\hk2-locator\2.6.1\hk2-locator-2.6.1.jar;C:\Users\khusn\.m2\repository\org\glassfish\hk2\external\aopalliance-repackaged\2.6.1\aopalliance-repackaged-2.6.1.jar;C:\Users\khusn\.m2\repository\org\glassfish\hk2\hk2-api\2.6.1\hk2-api-2.6.1.jar;C:\Users\khusn\.m2\repository\org\glassfish\hk2\hk2-utils\2.6.1\hk2-utils-2.6.1.jar;C
Launcher Type: SUN_STANDARD

[Global flags]
     intx CICompilerCount                          = 4                                         {product} {ergonomic}
     uint ConcGCThreads                            = 2                                         {product} {ergonomic}
     uint G1ConcRefinementThreads                  = 8                                         {product} {ergonomic}
   size_t G1HeapRegionSize                         = 1048576                                   {product} {ergonomic}
    uintx GCDrainStackTargetSize                   = 64                                        {product} {ergonomic}
   size_t InitialHeapSize                          = 132120576                                 {product} {ergonomic}
   size_t MarkStackSize                            = 4194304                                   {product} {ergonomic}
   size_t MaxHeapSize                              = 2092957696                                {product} {ergonomic}
   size_t MaxNewSize                               = 1255145472                                {product} {ergonomic}
   size_t MinHeapDeltaBytes                        = 1048576                                   {product} {ergonomic}
   size_t MinHeapSize                              = 8388608                                   {product} {ergonomic}
    uintx NonNMethodCodeHeapSize                   = 5839372                                {pd product} {ergonomic}
    uintx NonProfiledCodeHeapSize                  = 122909434                              {pd product} {ergonomic}
    uintx ProfiledCodeHeapSize                     = 122909434                              {pd product} {ergonomic}
    uintx ReservedCodeCacheSize                    = 251658240                              {pd product} {ergonomic}
     bool SegmentedCodeCache                       = true                                      {product} {ergonomic}
   size_t SoftMaxHeapSize                          = 2092957696                             {manageable} {ergonomic}
     bool UseCompressedClassPointers               = true                           {product lp64_product} {ergonomic}
     bool UseCompressedOops                        = true                           {product lp64_product} {ergonomic}
     bool UseG1GC                                  = true                                      {product} {ergonomic}
     bool UseLargePagesIndividualAllocation        = false                                  {pd product} {ergonomic}

Logging:
Log output configuration:
 #0: stdout all=warning uptime,level,tags
 #1: stderr all=off uptime,level,tags

Environment Variables:
JAVA_HOME=C:\Program Files\Java\jdk-17\
PATH=C:\Program Files\Common Files\Oracle\Java\javapath;C:\ProgramData\Oracle\Java\javapath;C:\Windows\system32;C:\Windows;C:\Windows\System32\Wbem;C:\Windows\System32\WindowsPowerShell\v1.0\;C:\Windows\System32\OpenSSH\;C:\Program Files (x86)\NVIDIA Corporation\PhysX\Common;C:\Program Files\NVIDIA Corporation\NVIDIA NvDLISR;c:\program files\d3dgear;c:\program files\d3dgear;C:\WINDOWS\system32;C:\WINDOWS;C:\WINDOWS\System32\Wbem;C:\WINDOWS\System32\WindowsPowerShell\v1.0\;C:\WINDOWS\System32\OpenSSH\;C:\Program Files\dotnet\;C:\Program Files\Microsoft SQL Server\130\Tools\Binn\;C:\Program Files\Microsoft SQL Server\Client SDK\ODBC\170\Tools\Binn\;C:\Program Files\WireGuard\;C:\Program Files\Git\cmd;%М2%;C:\Program Files\Java\Maven\bin;C:\Users\khusn\AppData\Local\Programs\Python\Python312\Scripts\;C:\Users\khusn\AppData\Local\Programs\Python\Python312\;C:\Users\khusn\AppData\Local\Programs\Python\Launcher\;C:\Users\khusn\AppData\Local\Microsoft\WindowsApps;C:\Users\khusn\AppData\Local\GitHubDesktop\bin;C:\Users\khusn\AppData\Local\Microsoft\WindowsApps;C:\Program Files\JetBrains\IntelliJ IDEA 2021.2.1\bin;;C:\Users\khusn\OneDrive\Рабочий стол\OS;C:\Program Files\JetBrains\IntelliJ IDEA Community Edition 2021.3.2\bin;;C:\Users\khusn\.dotnet\tools;C:\Program Files\JetBrains\PyCharm Community Edition 2024.2.4\bin;;C:\Users\khusn\AppData\Local\Programs\Microsoft VS Code\bin;%М2%;
USERNAME=khusn
OS=Windows_NT
PROCESSOR_IDENTIFIER=Intel64 Family 6 Model 142 Stepping 12, GenuineIntel



---------------  S Y S T E M  ---------------

OS:
 Windows 10 , 64 bit Build 19041 (10.0.19041.5072)
OS uptime: 15 days 12:19 hours

CPU: total 8 (initial active 8) (4 cores per cpu, 2 threads per core) family 6 model 142 stepping 12 microcode 0xca, cx8, cmov, fxsr, ht, mmx, 3dnowpref, sse, sse2, sse3, ssse3, sse4.1, sse4.2, popcnt, lzcnt, tsc, tscinvbit, avx, avx2, aes, erms, clmul, bmi1, bmi2, adx, fma, vzeroupper, clflush, clflushopt

Memory: 4k page, system-wide physical 7976M (641M free)
TotalPageFile size 14120M (AvailPageFile size 1M)
current process WorkingSet (physical memory assigned to process): 90M, peak: 90M
current process commit charge ("private bytes"): 231M, peak: 232M

vm_info: Java HotSpot(TM) 64-Bit Server VM (17.0.11+7-LTS-207) for windows-amd64 JRE (17.0.11+7-LTS-207), built on Mar 11 2024 19:01:50 by "mach5one" with MS VC++ 17.6 (VS2022)

END.
